<?xml version="1.0" encoding="UTF-8"?>
<!-- Generated by org.testng.reporters.JUnitReportReporter -->
<testsuite hostname="PHO280" failures="0" tests="5" name="Test1.LoginTests" time="24.598" errors="0" timestamp="2025-04-10T17:05:07 IST" skipped="0">
  <testcase classname="Test1.LoginTests" name="loginTest" time="3.586"/>
  <testcase classname="Test1.LoginTests" name="loginTest" time="3.542"/>
  <testcase classname="Test1.LoginTests" name="loginTest" time="3.383"/>
  <testcase classname="Test1.LoginTests" name="loginTest" time="3.424"/>
  <testcase classname="Test1.LoginTests" name="loginTest" time="10.663"/>
</testsuite> <!-- Test1.LoginTests -->
